0.000000 0.000000 0.000000 0.000000 
1.000000 0.405830 0.000004 1356.069943 
2.000000 0.453744 0.000008 1649.040713 
3.000000 0.515239 0.000016 1892.408697 
4.000000 0.597844 0.000023 2092.130732 
5.000000 0.712281 0.000033 2250.769392 
6.000000 0.884220 0.000051 2373.485615 
7.000000 1.162318 0.000769 2464.589737 
8.000000 1.637200 0.006787 2526.656781 
9.000000 2.346560 0.033175 2562.509888 
10.000000 3.075424 0.090503 2577.828545 
11.000000 3.567624 0.162062 2583.666975 
12.000000 3.832240 0.229812 2586.469068 
13.000000 3.970863 0.288655 2588.484490 
14.000000 4.049582 0.339370 2590.332845 
15.000000 4.099119 0.383463 2592.117350 
16.000000 4.130110 0.421935 2593.888222 
17.000000 4.153087 0.455923 2595.634627 
18.000000 4.169849 0.486081 2597.397438 
19.000000 4.183087 0.513164 2599.111148 
20.000000 4.193812 0.537591 2600.884398 
21.000000 4.202662 0.559424 2602.648592 
22.000000 4.211241 0.579465 2604.416401 
23.000000 4.217312 0.597839 2606.153215 
24.000000 4.221956 0.614521 2607.917119 
25.000000 4.227826 0.629896 2609.660533 
26.000000 4.233072 0.644136 2611.404417 
27.000000 4.238753 0.657424 2613.217182 
28.000000 4.240422 0.669779 2614.950685 
29.000000 4.244174 0.681095 2616.695710 
30.000000 4.241900 0.691638 2618.427526 
31.000000 4.249705 0.701564 2620.215422 
32.000000 4.248808 0.710844 2621.977106 
33.000000 4.254507 0.719706 2623.692620 
34.000000 4.255179 0.727928 2625.482090 
35.000000 4.257002 0.735687 2627.194734 
36.000000 4.257731 0.743044 2628.993997 
37.000000 4.259892 0.750043 2630.751641 
38.000000 4.261885 0.756517 2632.480187 
39.000000 4.263871 0.762885 2634.229980 
40.000000 4.266506 0.768784 2636.022803 
41.000000 4.263339 0.774404 2637.743513 
42.000000 4.267455 0.779744 2639.479019 
43.000000 4.268398 0.784962 2641.266034 
44.000000 4.273722 0.789803 2643.041109 
45.000000 4.268991 0.794443 2644.766941 
46.000000 4.269786 0.798936 2646.467491 
47.000000 4.273031 0.803196 2648.301368 
48.000000 4.272488 0.807347 2650.008987 
49.000000 4.272163 0.811252 2651.769659 
50.000000 4.273282 0.814977 2653.528554 
51.000000 4.277503 0.818611 2655.316877 
52.000000 4.276374 0.822155 2657.060189 
53.000000 4.276859 0.825498 2658.802455 
54.000000 4.278407 0.828731 2660.582922 
55.000000 4.280726 0.831866 2662.335496 
56.000000 4.281752 0.834852 2664.035673 
57.000000 4.281479 0.837709 2665.857147 
58.000000 4.282127 0.840517 2667.595441 
59.000000 4.285140 0.843253 2669.347306 
60.000000 4.284229 0.845791 2671.091977 
61.000000 4.283996 0.848354 2672.878972 
62.000000 4.288864 0.850812 2674.632613 
63.000000 4.287185 0.853202 2676.383878 
64.000000 4.287917 0.855450 2678.079093 
65.000000 4.288727 0.857682 2679.899026 
66.000000 4.288180 0.859892 2681.589350 
67.000000 4.289426 0.861909 2683.421253 
68.000000 4.291778 0.863963 2685.203240 
69.000000 4.295738 0.865988 2686.921209 
70.000000 4.294758 0.867840 2688.680703 
71.000000 4.299886 0.869756 2690.465296 
72.000000 4.307216 0.871540 2692.175931 
73.000000 4.323541 0.873300 2693.878028 
74.000000 4.347753 0.875091 2695.457102 
75.000000 4.361743 0.876714 2696.865295 
76.000000 4.370241 0.878346 2698.190261 
77.000000 4.371802 0.879995 2699.438559 
78.000000 4.371479 0.881558 2700.781221 
79.000000 4.370456 0.883078 2702.125476 
80.000000 4.369823 0.884555 2703.414206 
81.000000 4.367465 0.886036 2704.750017 
82.000000 4.367322 0.887450 2705.986440 
83.000000 4.367257 0.888863 2707.311975 
84.000000 4.365136 0.890236 2708.538050 
85.000000 4.367598 0.891596 2709.859828 
86.000000 4.364954 0.892865 2711.090980 
87.000000 4.362924 0.894141 2712.408604 
88.000000 4.361877 0.895383 2713.677394 
89.000000 4.364453 0.896576 2715.026914 
90.000000 4.365912 0.897781 2716.277150 
91.000000 4.361596 0.898885 2717.528783 
92.000000 4.361825 0.900038 2718.866343 
93.000000 4.360650 0.901169 2720.119937 
94.000000 4.367739 0.902252 2721.389187 
95.000000 4.364376 0.903289 2722.655505 
96.000000 4.361002 0.904306 2723.978818 
97.000000 4.364994 0.905369 2725.171849 
98.000000 4.368958 0.906356 2726.505809 
99.000000 4.368915 0.907308 2727.736441 
100.000000 4.374436 0.908256 2729.088214 
