0.000000 0.000000 0.000000 0.000000 
1.000000 0.359366 0.000007 6475.716137 
2.000000 0.365133 0.000009 6822.351214 
3.000000 0.371510 0.000014 7161.085088 
4.000000 0.377566 0.000023 7488.981580 
5.000000 0.384737 0.000029 7811.140480 
6.000000 0.391320 0.000002 8119.581677 
7.000000 0.398417 0.000002 8422.057377 
8.000000 0.405888 0.000004 8715.548148 
9.000000 0.413605 0.000004 9002.016825 
10.000000 0.421560 0.000004 9278.604738 
11.000000 0.429876 0.000005 9548.638888 
12.000000 0.438629 0.000006 9808.773628 
13.000000 0.447698 0.000006 10063.133643 
14.000000 0.457151 0.000007 10307.381671 
15.000000 0.467086 0.000007 10544.949681 
16.000000 0.477257 0.000008 10775.142681 
17.000000 0.488365 0.000009 10998.557509 
18.000000 0.499630 0.000009 11213.987315 
19.000000 0.511690 0.000010 11422.301766 
20.000000 0.524089 0.000011 11622.570184 
21.000000 0.537602 0.000012 11817.471504 
22.000000 0.551626 0.000013 12004.491807 
23.000000 0.566084 0.000013 12184.382537 
24.000000 0.581871 0.000015 12358.691100 
25.000000 0.598202 0.000016 12527.616891 
26.000000 0.615933 0.000016 12687.860678 
27.000000 0.635074 0.000018 12844.976697 
28.000000 0.654222 0.000021 12991.683301 
29.000000 0.675766 0.000024 13134.063143 
30.000000 0.699180 0.000026 13271.748661 
31.000000 0.723246 0.000032 13402.735603 
32.000000 0.749319 0.000043 13527.357475 
33.000000 0.778605 0.000054 13647.924764 
34.000000 0.808863 0.000073 13761.026275 
35.000000 0.841883 0.000107 13869.964511 
36.000000 0.877845 0.000163 13973.515193 
37.000000 0.918063 0.000246 14071.330268 
38.000000 0.960679 0.000367 14163.830163 
39.000000 1.007720 0.000546 14252.134366 
40.000000 1.059016 0.000806 14334.643814 
41.000000 1.115238 0.001168 14412.433256 
42.000000 1.176176 0.001657 14485.899675 
43.000000 1.243219 0.002375 14552.726811 
44.000000 1.314542 0.003275 14617.506075 
45.000000 1.391473 0.004496 14675.641166 
46.000000 1.476362 0.006052 14730.433408 
47.000000 1.565632 0.008056 14779.663058 
48.000000 1.663309 0.010544 14825.999880 
49.000000 1.764251 0.013541 14866.127648 
50.000000 1.872174 0.017307 14903.481230 
51.000000 1.982821 0.021782 14935.869898 
52.000000 2.101147 0.027150 14965.063069 
53.000000 2.219217 0.033141 14990.279589 
54.000000 2.343090 0.040215 15011.940744 
55.000000 2.462625 0.047923 15030.740133 
56.000000 2.584070 0.056795 15046.723427 
57.000000 2.702569 0.066111 15060.431532 
58.000000 2.817430 0.076458 15072.002646 
59.000000 2.925848 0.087187 15081.374673 
60.000000 3.027750 0.098478 15089.401501 
61.000000 3.125413 0.110196 15095.986467 
62.000000 3.215500 0.122261 15101.929891 
63.000000 3.298065 0.134248 15106.843252 
64.000000 3.370309 0.146220 15110.817744 
65.000000 3.437918 0.158089 15114.449690 
66.000000 3.498646 0.170203 15117.606660 
67.000000 3.551135 0.181756 15120.563110 
68.000000 3.601372 0.193246 15123.156517 
69.000000 3.643646 0.204431 15125.493716 
70.000000 3.681888 0.215410 15127.952932 
71.000000 3.718860 0.226580 15130.155239 
72.000000 3.750207 0.237228 15132.094024 
73.000000 3.775255 0.247459 15133.924672 
74.000000 3.803032 0.257749 15135.893738 
75.000000 3.825147 0.267303 15137.646425 
76.000000 3.845043 0.276937 15139.296657 
77.000000 3.864843 0.286242 15141.221169 
78.000000 3.879530 0.295442 15142.918125 
79.000000 3.896028 0.304323 15144.610945 
80.000000 3.909228 0.312894 15146.423981 
81.000000 3.923856 0.321301 15147.994415 
82.000000 3.934160 0.329566 15149.742767 
83.000000 3.946742 0.337715 15151.552757 
84.000000 3.956424 0.345536 15153.146450 
85.000000 3.963394 0.353360 15154.745272 
86.000000 3.973191 0.360794 15156.443622 
87.000000 3.982937 0.368209 15158.019569 
88.000000 3.987582 0.375307 15159.554891 
89.000000 3.994810 0.382187 15161.404135 
90.000000 4.003681 0.389128 15163.096644 
91.000000 4.006860 0.395963 15164.601435 
92.000000 4.013825 0.402599 15166.376909 
93.000000 4.018416 0.409173 15168.016625 
94.000000 4.022407 0.415308 15169.504166 
95.000000 4.028404 0.421458 15171.618750 
96.000000 4.035383 0.427557 15172.854268 
97.000000 4.037817 0.433293 15174.786240 
98.000000 4.039389 0.439045 15176.003354 
99.000000 4.043943 0.444898 15177.922133 
100.000000 4.050138 0.450264 15179.668153 
