0.000000 0.000000 0.000000 0.000000 
1.000000 0.414356 0.000004 6528.456175 
2.000000 0.422342 0.000009 6924.919425 
3.000000 0.430055 0.000016 7308.039640 
4.000000 0.438324 0.000023 7678.040699 
5.000000 0.447295 0.000029 8037.692768 
6.000000 0.456537 0.000003 8386.510349 
7.000000 0.466115 0.000004 8722.628783 
8.000000 0.476128 0.000004 9047.276576 
9.000000 0.486603 0.000005 9361.075449 
10.000000 0.497651 0.000006 9664.167767 
11.000000 0.509274 0.000006 9956.936774 
12.000000 0.521371 0.000008 10237.191759 
13.000000 0.534205 0.000008 10509.273464 
14.000000 0.547695 0.000010 10770.831544 
15.000000 0.561974 0.000010 11022.791075 
16.000000 0.577026 0.000011 11264.854689 
17.000000 0.593267 0.000012 11496.247394 
18.000000 0.610249 0.000012 11720.855640 
19.000000 0.628405 0.000015 11934.809409 
20.000000 0.647924 0.000018 12140.053977 
21.000000 0.668929 0.000020 12337.141379 
22.000000 0.690983 0.000022 12525.587069 
23.000000 0.714654 0.000025 12703.106708 
24.000000 0.740411 0.000032 12875.051968 
25.000000 0.768982 0.000034 13039.291188 
26.000000 0.799239 0.000054 13193.986867 
27.000000 0.832562 0.000069 13341.486107 
28.000000 0.869803 0.000109 13484.330762 
29.000000 0.910552 0.000184 13617.795276 
30.000000 0.954530 0.000278 13743.570989 
31.000000 1.003889 0.000461 13863.114310 
32.000000 1.058252 0.000747 13976.917551 
33.000000 1.117047 0.001148 14081.869639 
34.000000 1.182535 0.001700 14182.001926 
35.000000 1.252233 0.002550 14274.979810 
36.000000 1.328696 0.003657 14361.273585 
37.000000 1.410659 0.005083 14442.510165 
38.000000 1.497226 0.006780 14519.355440 
39.000000 1.590268 0.008938 14587.179063 
40.000000 1.687858 0.011643 14651.574006 
41.000000 1.789047 0.014676 14709.811670 
42.000000 1.894202 0.018268 14763.208839 
43.000000 2.007246 0.022561 14811.791135 
44.000000 2.123315 0.027461 14855.745023 
45.000000 2.241348 0.032972 14895.817069 
46.000000 2.361697 0.039271 14929.790892 
47.000000 2.482932 0.046372 14961.138939 
48.000000 2.602435 0.054118 14988.538832 
49.000000 2.722125 0.062658 15012.915098 
50.000000 2.840736 0.071658 15033.796870 
51.000000 2.954701 0.081036 15052.768246 
52.000000 3.068416 0.091249 15068.773298 
53.000000 3.173462 0.101568 15082.105745 
54.000000 3.279870 0.112761 15094.770430 
55.000000 3.375738 0.123882 15104.661052 
56.000000 3.473098 0.135733 15113.667177 
57.000000 3.561230 0.147182 15121.049294 
58.000000 3.646169 0.159147 15128.022135 
59.000000 3.725432 0.171345 15133.688034 
60.000000 3.797063 0.183204 15138.436369 
61.000000 3.864854 0.195316 15142.793940 
62.000000 3.925867 0.207278 15146.692439 
63.000000 3.981311 0.219010 15150.384360 
64.000000 4.031571 0.230699 15153.482563 
65.000000 4.072676 0.241728 15156.440028 
66.000000 4.112721 0.253058 15159.403636 
67.000000 4.146768 0.263850 15161.816486 
68.000000 4.179571 0.274402 15164.301663 
69.000000 4.211827 0.284958 15166.918292 
70.000000 4.232214 0.294756 15169.124909 
71.000000 4.256600 0.304902 15171.230359 
72.000000 4.278232 0.314358 15173.657920 
73.000000 4.296204 0.323732 15175.735729 
74.000000 4.312999 0.332728 15177.899349 
75.000000 4.323973 0.341735 15180.053050 
76.000000 4.343766 0.350501 15182.273442 
77.000000 4.355941 0.358859 15184.394848 
78.000000 4.363807 0.366995 15186.304107 
79.000000 4.374280 0.374819 15188.605883 
80.000000 4.385020 0.382852 15190.636094 
81.000000 4.391772 0.390515 15192.402325 
82.000000 4.401526 0.398047 15194.790557 
83.000000 4.406212 0.405236 15196.851334 
84.000000 4.416448 0.412158 15198.765439 
85.000000 4.424057 0.419193 15201.053985 
86.000000 4.428919 0.425782 15203.122445 
87.000000 4.432987 0.432361 15205.128697 
88.000000 4.440016 0.438888 15207.330627 
89.000000 4.442897 0.445242 15209.280018 
90.000000 4.450127 0.451073 15211.374528 
91.000000 4.454161 0.457421 15213.501097 
92.000000 4.457656 0.463393 15215.415752 
93.000000 4.461505 0.469079 15217.541381 
94.000000 4.466786 0.474734 15219.810680 
95.000000 4.467550 0.480244 15221.817409 
96.000000 4.472907 0.485810 15223.632786 
97.000000 4.472902 0.490928 15225.860021 
98.000000 4.479045 0.496198 15227.936400 
99.000000 4.482045 0.501288 15230.155835 
100.000000 4.484761 0.506310 15231.982474 
