0.000000 0.000000 0.000000 0.000000 
1.000000 0.386536 0.000006 2741.097003 
2.000000 0.406929 0.000008 3074.418632 
3.000000 0.429516 0.000014 3381.816653 
4.000000 0.455142 0.000019 3662.986277 
5.000000 0.483980 0.000028 3918.741138 
6.000000 0.516789 0.000003 4152.293009 
7.000000 0.554579 0.000004 4363.032526 
8.000000 0.598678 0.000005 4552.841374 
9.000000 0.650693 0.000006 4722.241974 
10.000000 0.713578 0.000007 4873.282673 
11.000000 0.789901 0.000018 5005.647959 
12.000000 0.885333 0.000062 5121.762100 
13.000000 1.006433 0.000224 5220.979661 
14.000000 1.165447 0.000797 5305.183570 
15.000000 1.371943 0.002491 5374.440058 
16.000000 1.638990 0.006870 5429.547392 
17.000000 1.969414 0.016251 5471.024039 
18.000000 2.345776 0.033175 5500.131066 
19.000000 2.731959 0.058545 5518.787621 
20.000000 3.080913 0.090949 5529.858897 
21.000000 3.359878 0.126220 5536.515480 
22.000000 3.573760 0.162470 5540.488777 
23.000000 3.730075 0.197139 5543.222332 
24.000000 3.837953 0.229889 5545.231152 
25.000000 3.915891 0.260420 5546.905637 
26.000000 3.974495 0.288794 5548.433318 
27.000000 4.019818 0.314947 5549.898518 
28.000000 4.052430 0.339305 5551.345144 
29.000000 4.080526 0.362191 5552.742509 
30.000000 4.101646 0.383347 5554.148883 
31.000000 4.118624 0.403316 5555.471659 
32.000000 4.133112 0.422130 5556.882214 
33.000000 4.148488 0.439616 5558.302992 
34.000000 4.158111 0.456057 5559.628284 
35.000000 4.167323 0.471457 5561.032930 
36.000000 4.176064 0.486339 5562.419233 
37.000000 4.182513 0.500164 5563.793739 
38.000000 4.189037 0.513428 5565.146470 
39.000000 4.193832 0.525611 5566.547399 
40.000000 4.202241 0.537706 5567.928167 
41.000000 4.206117 0.548956 5569.309277 
42.000000 4.208345 0.559636 5570.701688 
43.000000 4.213991 0.569930 5572.076839 
44.000000 4.217661 0.579582 5573.390359 
45.000000 4.221212 0.589052 5574.778788 
46.000000 4.224865 0.597979 5576.186017 
47.000000 4.225665 0.606487 5577.518398 
48.000000 4.230834 0.614736 5578.997352 
49.000000 4.232078 0.622517 5580.344736 
50.000000 4.233628 0.629990 5581.733888 
51.000000 4.234099 0.637351 5583.066047 
52.000000 4.236562 0.644251 5584.454075 
53.000000 4.239704 0.651048 5585.808459 
54.000000 4.244428 0.657573 5587.183745 
55.000000 4.243485 0.663721 5588.589686 
56.000000 4.246966 0.669715 5590.001481 
57.000000 4.250002 0.675562 5591.387287 
58.000000 4.249571 0.681136 5592.756995 
59.000000 4.250758 0.686561 5593.991735 
60.000000 4.251335 0.691759 5595.465763 
61.000000 4.254527 0.696855 5596.928120 
62.000000 4.256544 0.701713 5598.213879 
63.000000 4.254161 0.706451 5599.747728 
64.000000 4.255708 0.711081 5600.937060 
65.000000 4.256177 0.715407 5602.335712 
66.000000 4.256740 0.719727 5603.754806 
67.000000 4.259797 0.723861 5605.108478 
68.000000 4.260719 0.727981 5606.581852 
69.000000 4.259127 0.731927 5607.888652 
70.000000 4.262938 0.735814 5609.294851 
71.000000 4.264745 0.739459 5610.636245 
72.000000 4.263683 0.743134 5612.030721 
73.000000 4.266083 0.746688 5613.394826 
74.000000 4.265797 0.750051 5614.747460 
75.000000 4.266774 0.753378 5616.154508 
76.000000 4.266615 0.756627 5617.518702 
77.000000 4.267441 0.759774 5618.973175 
78.000000 4.267702 0.762879 5620.278331 
79.000000 4.268249 0.765875 5621.623805 
80.000000 4.270361 0.768854 5623.009830 
81.000000 4.273835 0.771589 5624.501373 
82.000000 4.270030 0.774491 5625.739527 
83.000000 4.272854 0.777168 5627.101523 
84.000000 4.271194 0.779766 5628.624655 
85.000000 4.273998 0.782444 5629.941287 
86.000000 4.273492 0.784923 5631.401711 
87.000000 4.273616 0.787430 5632.642666 
88.000000 4.274699 0.789859 5634.114910 
89.000000 4.275056 0.792150 5635.389238 
90.000000 4.276659 0.794538 5636.898824 
91.000000 4.273880 0.796752 5638.230155 
92.000000 4.276590 0.798942 5639.655583 
93.000000 4.279481 0.801154 5641.031356 
94.000000 4.277999 0.803285 5642.353320 
95.000000 4.276494 0.805340 5643.790396 
96.000000 4.279048 0.807366 5645.173505 
97.000000 4.276737 0.809367 5646.428873 
98.000000 4.282245 0.811245 5647.859559 
99.000000 4.281874 0.813138 5649.221590 
100.000000 4.280610 0.815029 5650.659978 
