This is pdfTeX, Version 3.141592653-2.6-1.40.23 (MiKTeX 21.7) (preloaded format=pdflatex 2021.7.20)  15 DEC 2021 16:40
entering extended mode
**d:/Research/NFV_PlacementModel_Journal/with_red/graphs/general/model_sim.tex
(d:/Research/NFV_PlacementModel_Journal/with_red/graphs/general/model_sim.tex
LaTeX2e <2021-06-01> patch level 1
L3 programming layer <2021-07-12> (C:\Users\jb931\AppData\Roaming\MiKTeX\2.9\tex/latex/standalone\standalone.cls
Document Class: standalone 2018/03/26 v1.3a Class to compile TeX sub-files standalone
(C:\Users\jb931\AppData\Roaming\MiKTeX\2.9\tex/latex/tools\shellesc.sty
Package: shellesc 2019/11/08 v1.0c unified shell escape interface for LaTeX
Package shellesc Info: Restricted shell escape enabled on input line 77.
) (C:\Users\jb931\AppData\Roaming\MiKTeX\2.9\tex/generic/iftex\ifluatex.sty
Package: ifluatex 2019/10/25 v1.5 ifluatex legacy package. Use iftex instead.
 (C:\Users\jb931\AppData\Roaming\MiKTeX\2.9\tex/generic/iftex\iftex.sty
Package: iftex 2020/03/06 v1.0d TeX engine tests
)) (C:\Program Files\MiKTeX 2.9\tex/latex/xkeyval\xkeyval.sty
Package: xkeyval 2020/11/20 v2.8 package option processing (HA)
 (C:\Program Files\MiKTeX 2.9\tex/generic/xkeyval\xkeyval.tex (C:\Program Files\MiKTeX 2.9\tex/generic/xkeyval\xkvutils.tex
\XKV@toks=\toks16
\XKV@tempa@toks=\toks17
 (C:\Program Files\MiKTeX 2.9\tex/generic/xkeyval\keyval.tex))
\XKV@depth=\count182
File: xkeyval.tex 2014/12/03 v2.7a key=value parser (HA)
))
\sa@internal=\count183
\c@sapage=\count184
 (C:\Users\jb931\AppData\Roaming\MiKTeX\2.9\tex/latex/standalone\standalone.cfg
File: standalone.cfg 2018/03/26 v1.3a Default configuration file for 'standalone' class
) (C:\Program Files\MiKTeX 2.9\tex/latex/base\article.cls
Document Class: article 2021/02/12 v1.4n Standard LaTeX document class
(C:\Program Files\MiKTeX 2.9\tex/latex/base\size10.clo
File: size10.clo 2021/02/12 v1.4n Standard LaTeX file (size option)
)
\c@part=\count185
\c@section=\count186
\c@subsection=\count187
\c@subsubsection=\count188
\c@paragraph=\count189
\c@subparagraph=\count190
\c@figure=\count191
\c@table=\count192
\abovecaptionskip=\skip47
\belowcaptionskip=\skip48
\bibindent=\dimen138
)
\sa@box=\box50
) (C:\Users\jb931\AppData\Roaming\MiKTeX\2.9\tex/latex/pgfplots\pgfplots.sty (C:\Users\jb931\AppData\Roaming\MiKTeX\2.9\tex/generic/pgfplots\pgfplots.revision.tex)
Package: pgfplots 2021/05/15 v1.18.1 Data Visualization (1.18.1)
 (C:\Program Files\MiKTeX 2.9\tex/latex/graphics\graphicx.sty
Package: graphicx 2020/12/05 v1.2c Enhanced LaTeX Graphics (DPC,SPQR)
 (C:\Program Files\MiKTeX 2.9\tex/latex/graphics\graphics.sty
Package: graphics 2021/03/04 v1.4d Standard LaTeX Graphics (DPC,SPQR)
 (C:\Program Files\MiKTeX 2.9\tex/latex/graphics\trig.sty
Package: trig 2016/01/03 v1.10 sin cos tan (DPC)
) (C:\Program Files\MiKTeX 2.9\tex/latex/graphics-cfg\graphics.cfg
File: graphics.cfg 2016/06/04 v1.11 sample graphics configuration
)
Package graphics Info: Driver file: pdftex.def on input line 107.
 (C:\Program Files\MiKTeX 2.9\tex/latex/graphics-def\pdftex.def
File: pdftex.def 2020/10/05 v1.2a Graphics/color driver for pdftex
))
\Gin@req@height=\dimen139
\Gin@req@width=\dimen140
) (C:\Users\jb931\AppData\Roaming\MiKTeX\2.9\tex/latex/pgf/frontendlayer\tikz.sty (C:\Users\jb931\AppData\Roaming\MiKTeX\2.9\tex/latex/pgf/basiclayer\pgf.sty (C:\Users\jb931\AppData\Roaming\MiKTeX\2.9\tex/latex/pgf/utilities\pgfrcs.sty (C:\Users\jb931\AppData\Roaming\MiKTeX\2.9\tex/generic/pgf/utilities\pgfutil-common.tex
\pgfutil@everybye=\toks18
\pgfutil@tempdima=\dimen141
\pgfutil@tempdimb=\dimen142
 (C:\Users\jb931\AppData\Roaming\MiKTeX\2.9\tex/generic/pgf/utilities\pgfutil-common-lists.tex)) (C:\Users\jb931\AppData\Roaming\MiKTeX\2.9\tex/generic/pgf/utilities\pgfutil-latex.def
\pgfutil@abb=\box51
) (C:\Users\jb931\AppData\Roaming\MiKTeX\2.9\tex/generic/pgf/utilities\pgfrcs.code.tex (C:\Users\jb931\AppData\Roaming\MiKTeX\2.9\tex/generic/pgf\pgf.revision.tex)
Package: pgfrcs 2021/05/15 v3.1.9a (3.1.9a)
))
Package: pgf 2021/05/15 v3.1.9a (3.1.9a)
 (C:\Users\jb931\AppData\Roaming\MiKTeX\2.9\tex/latex/pgf/basiclayer\pgfcore.sty (C:\Users\jb931\AppData\Roaming\MiKTeX\2.9\tex/latex/pgf/systemlayer\pgfsys.sty (C:\Users\jb931\AppData\Roaming\MiKTeX\2.9\tex/generic/pgf/systemlayer\pgfsys.code.tex
Package: pgfsys 2021/05/15 v3.1.9a (3.1.9a)
 (C:\Users\jb931\AppData\Roaming\MiKTeX\2.9\tex/generic/pgf/utilities\pgfkeys.code.tex
\pgfkeys@pathtoks=\toks19
\pgfkeys@temptoks=\toks20
 (C:\Users\jb931\AppData\Roaming\MiKTeX\2.9\tex/generic/pgf/utilities\pgfkeysfiltered.code.tex
\pgfkeys@tmptoks=\toks21
))
\pgf@x=\dimen143
\pgf@y=\dimen144
\pgf@xa=\dimen145
\pgf@ya=\dimen146
\pgf@xb=\dimen147
\pgf@yb=\dimen148
\pgf@xc=\dimen149
\pgf@yc=\dimen150
\pgf@xd=\dimen151
\pgf@yd=\dimen152
\w@pgf@writea=\write3
\r@pgf@reada=\read2
\c@pgf@counta=\count193
\c@pgf@countb=\count194
\c@pgf@countc=\count195
\c@pgf@countd=\count196
\t@pgf@toka=\toks22
\t@pgf@tokb=\toks23
\t@pgf@tokc=\toks24
\pgf@sys@id@count=\count197
 (C:\Users\jb931\AppData\Roaming\MiKTeX\2.9\tex/generic/pgf/systemlayer\pgf.cfg
File: pgf.cfg 2021/05/15 v3.1.9a (3.1.9a)
)
Driver file for pgf: pgfsys-pdftex.def
 (C:\Users\jb931\AppData\Roaming\MiKTeX\2.9\tex/generic/pgf/systemlayer\pgfsys-pdftex.def
File: pgfsys-pdftex.def 2021/05/15 v3.1.9a (3.1.9a)
 (C:\Users\jb931\AppData\Roaming\MiKTeX\2.9\tex/generic/pgf/systemlayer\pgfsys-common-pdf.def
File: pgfsys-common-pdf.def 2021/05/15 v3.1.9a (3.1.9a)
))) (C:\Users\jb931\AppData\Roaming\MiKTeX\2.9\tex/generic/pgf/systemlayer\pgfsyssoftpath.code.tex
File: pgfsyssoftpath.code.tex 2021/05/15 v3.1.9a (3.1.9a)
\pgfsyssoftpath@smallbuffer@items=\count198
\pgfsyssoftpath@bigbuffer@items=\count199
) (C:\Users\jb931\AppData\Roaming\MiKTeX\2.9\tex/generic/pgf/systemlayer\pgfsysprotocol.code.tex
File: pgfsysprotocol.code.tex 2021/05/15 v3.1.9a (3.1.9a)
)) (C:\Users\jb931\AppData\Roaming\MiKTeX\2.9\tex/latex/xcolor\xcolor.sty
Package: xcolor 2016/05/11 v2.12 LaTeX color extensions (UK)
 (C:\Program Files\MiKTeX 2.9\tex/latex/graphics-cfg\color.cfg
File: color.cfg 2016/01/02 v1.6 sample color configuration
)
Package xcolor Info: Driver file: pdftex.def on input line 225.
Package xcolor Info: Model `cmy' substituted by `cmy0' on input line 1348.
Package xcolor Info: Model `hsb' substituted by `rgb' on input line 1352.
Package xcolor Info: Model `RGB' extended on input line 1364.
Package xcolor Info: Model `HTML' substituted by `rgb' on input line 1366.
Package xcolor Info: Model `Hsb' substituted by `hsb' on input line 1367.
Package xcolor Info: Model `tHsb' substituted by `hsb' on input line 1368.
Package xcolor Info: Model `HSB' substituted by `hsb' on input line 1369.
Package xcolor Info: Model `Gray' substituted by `gray' on input line 1370.
Package xcolor Info: Model `wave' substituted by `hsb' on input line 1371.
) (C:\Users\jb931\AppData\Roaming\MiKTeX\2.9\tex/generic/pgf/basiclayer\pgfcore.code.tex
Package: pgfcore 2021/05/15 v3.1.9a (3.1.9a)
 (C:\Users\jb931\AppData\Roaming\MiKTeX\2.9\tex/generic/pgf/math\pgfmath.code.tex (C:\Users\jb931\AppData\Roaming\MiKTeX\2.9\tex/generic/pgf/math\pgfmathcalc.code.tex (C:\Users\jb931\AppData\Roaming\MiKTeX\2.9\tex/generic/pgf/math\pgfmathutil.code.tex) (C:\Users\jb931\AppData\Roaming\MiKTeX\2.9\tex/generic/pgf/math\pgfmathparser.code.tex
\pgfmath@dimen=\dimen153
\pgfmath@count=\count266
\pgfmath@box=\box52
\pgfmath@toks=\toks25
\pgfmath@stack@operand=\toks26
\pgfmath@stack@operation=\toks27
) (C:\Users\jb931\AppData\Roaming\MiKTeX\2.9\tex/generic/pgf/math\pgfmathfunctions.code.tex (C:\Users\jb931\AppData\Roaming\MiKTeX\2.9\tex/generic/pgf/math\pgfmathfunctions.basic.code.tex) (C:\Users\jb931\AppData\Roaming\MiKTeX\2.9\tex/generic/pgf/math\pgfmathfunctions.trigonometric.code.tex) (C:\Users\jb931\AppData\Roaming\MiKTeX\2.9\tex/generic/pgf/math\pgfmathfunctions.random.code.tex) (C:\Users\jb931\AppData\Roaming\MiKTeX\2.9\tex/generic/pgf/math\pgfmathfunctions.comparison.code.tex) (C:\Users\jb931\AppData\Roaming\MiKTeX\2.9\tex/generic/pgf/math\pgfmathfunctions.base.code.tex) (C:\Users\jb931\AppData\Roaming\MiKTeX\2.9\tex/generic/pgf/math\pgfmathfunctions.round.code.tex) (C:\Users\jb931\AppData\Roaming\MiKTeX\2.9\tex/generic/pgf/math\pgfmathfunctions.misc.code.tex) (C:\Users\jb931\AppData\Roaming\MiKTeX\2.9\tex/generic/pgf/math\pgfmathfunctions.integerarithmetics.code.tex))) (C:\Users\jb931\AppData\Roaming\MiKTeX\2.9\tex/generic/pgf/math\pgfmathfloat.code.tex
\c@pgfmathroundto@lastzeros=\count267
)) (C:\Users\jb931\AppData\Roaming\MiKTeX\2.9\tex/generic/pgf/math\pgfint.code.tex) (C:\Users\jb931\AppData\Roaming\MiKTeX\2.9\tex/generic/pgf/basiclayer\pgfcorepoints.code.tex
File: pgfcorepoints.code.tex 2021/05/15 v3.1.9a (3.1.9a)
\pgf@picminx=\dimen154
\pgf@picmaxx=\dimen155
\pgf@picminy=\dimen156
\pgf@picmaxy=\dimen157
\pgf@pathminx=\dimen158
\pgf@pathmaxx=\dimen159
\pgf@pathminy=\dimen160
\pgf@pathmaxy=\dimen161
\pgf@xx=\dimen162
\pgf@xy=\dimen163
\pgf@yx=\dimen164
\pgf@yy=\dimen165
\pgf@zx=\dimen166
\pgf@zy=\dimen167
) (C:\Users\jb931\AppData\Roaming\MiKTeX\2.9\tex/generic/pgf/basiclayer\pgfcorepathconstruct.code.tex
File: pgfcorepathconstruct.code.tex 2021/05/15 v3.1.9a (3.1.9a)
\pgf@path@lastx=\dimen168
\pgf@path@lasty=\dimen169
) (C:\Users\jb931\AppData\Roaming\MiKTeX\2.9\tex/generic/pgf/basiclayer\pgfcorepathusage.code.tex
File: pgfcorepathusage.code.tex 2021/05/15 v3.1.9a (3.1.9a)
\pgf@shorten@end@additional=\dimen170
\pgf@shorten@start@additional=\dimen171
) (C:\Users\jb931\AppData\Roaming\MiKTeX\2.9\tex/generic/pgf/basiclayer\pgfcorescopes.code.tex
File: pgfcorescopes.code.tex 2021/05/15 v3.1.9a (3.1.9a)
\pgfpic=\box53
\pgf@hbox=\box54
\pgf@layerbox@main=\box55
\pgf@picture@serial@count=\count268
) (C:\Users\jb931\AppData\Roaming\MiKTeX\2.9\tex/generic/pgf/basiclayer\pgfcoregraphicstate.code.tex
File: pgfcoregraphicstate.code.tex 2021/05/15 v3.1.9a (3.1.9a)
\pgflinewidth=\dimen172
) (C:\Users\jb931\AppData\Roaming\MiKTeX\2.9\tex/generic/pgf/basiclayer\pgfcoretransformations.code.tex
File: pgfcoretransformations.code.tex 2021/05/15 v3.1.9a (3.1.9a)
\pgf@pt@x=\dimen173
\pgf@pt@y=\dimen174
\pgf@pt@temp=\dimen175
) (C:\Users\jb931\AppData\Roaming\MiKTeX\2.9\tex/generic/pgf/basiclayer\pgfcorequick.code.tex
File: pgfcorequick.code.tex 2021/05/15 v3.1.9a (3.1.9a)
) (C:\Users\jb931\AppData\Roaming\MiKTeX\2.9\tex/generic/pgf/basiclayer\pgfcoreobjects.code.tex
File: pgfcoreobjects.code.tex 2021/05/15 v3.1.9a (3.1.9a)
) (C:\Users\jb931\AppData\Roaming\MiKTeX\2.9\tex/generic/pgf/basiclayer\pgfcorepathprocessing.code.tex
File: pgfcorepathprocessing.code.tex 2021/05/15 v3.1.9a (3.1.9a)
) (C:\Users\jb931\AppData\Roaming\MiKTeX\2.9\tex/generic/pgf/basiclayer\pgfcorearrows.code.tex
File: pgfcorearrows.code.tex 2021/05/15 v3.1.9a (3.1.9a)
\pgfarrowsep=\dimen176
) (C:\Users\jb931\AppData\Roaming\MiKTeX\2.9\tex/generic/pgf/basiclayer\pgfcoreshade.code.tex
File: pgfcoreshade.code.tex 2021/05/15 v3.1.9a (3.1.9a)
\pgf@max=\dimen177
\pgf@sys@shading@range@num=\count269
\pgf@shadingcount=\count270
) (C:\Users\jb931\AppData\Roaming\MiKTeX\2.9\tex/generic/pgf/basiclayer\pgfcoreimage.code.tex
File: pgfcoreimage.code.tex 2021/05/15 v3.1.9a (3.1.9a)
 (C:\Users\jb931\AppData\Roaming\MiKTeX\2.9\tex/generic/pgf/basiclayer\pgfcoreexternal.code.tex
File: pgfcoreexternal.code.tex 2021/05/15 v3.1.9a (3.1.9a)
\pgfexternal@startupbox=\box56
)) (C:\Users\jb931\AppData\Roaming\MiKTeX\2.9\tex/generic/pgf/basiclayer\pgfcorelayers.code.tex
File: pgfcorelayers.code.tex 2021/05/15 v3.1.9a (3.1.9a)
) (C:\Users\jb931\AppData\Roaming\MiKTeX\2.9\tex/generic/pgf/basiclayer\pgfcoretransparency.code.tex
File: pgfcoretransparency.code.tex 2021/05/15 v3.1.9a (3.1.9a)
) (C:\Users\jb931\AppData\Roaming\MiKTeX\2.9\tex/generic/pgf/basiclayer\pgfcorepatterns.code.tex
File: pgfcorepatterns.code.tex 2021/05/15 v3.1.9a (3.1.9a)
) (C:\Users\jb931\AppData\Roaming\MiKTeX\2.9\tex/generic/pgf/basiclayer\pgfcorerdf.code.tex
File: pgfcorerdf.code.tex 2021/05/15 v3.1.9a (3.1.9a)
))) (C:\Users\jb931\AppData\Roaming\MiKTeX\2.9\tex/generic/pgf/modules\pgfmoduleshapes.code.tex
File: pgfmoduleshapes.code.tex 2021/05/15 v3.1.9a (3.1.9a)
\pgfnodeparttextbox=\box57
) (C:\Users\jb931\AppData\Roaming\MiKTeX\2.9\tex/generic/pgf/modules\pgfmoduleplot.code.tex
File: pgfmoduleplot.code.tex 2021/05/15 v3.1.9a (3.1.9a)
) (C:\Users\jb931\AppData\Roaming\MiKTeX\2.9\tex/latex/pgf/compatibility\pgfcomp-version-0-65.sty
Package: pgfcomp-version-0-65 2021/05/15 v3.1.9a (3.1.9a)
\pgf@nodesepstart=\dimen178
\pgf@nodesepend=\dimen179
) (C:\Users\jb931\AppData\Roaming\MiKTeX\2.9\tex/latex/pgf/compatibility\pgfcomp-version-1-18.sty
Package: pgfcomp-version-1-18 2021/05/15 v3.1.9a (3.1.9a)
)) (C:\Users\jb931\AppData\Roaming\MiKTeX\2.9\tex/latex/pgf/utilities\pgffor.sty (C:\Users\jb931\AppData\Roaming\MiKTeX\2.9\tex/latex/pgf/utilities\pgfkeys.sty (C:\Users\jb931\AppData\Roaming\MiKTeX\2.9\tex/generic/pgf/utilities\pgfkeys.code.tex)) (C:\Users\jb931\AppData\Roaming\MiKTeX\2.9\tex/latex/pgf/math\pgfmath.sty (C:\Users\jb931\AppData\Roaming\MiKTeX\2.9\tex/generic/pgf/math\pgfmath.code.tex)) (C:\Users\jb931\AppData\Roaming\MiKTeX\2.9\tex/generic/pgf/utilities\pgffor.code.tex
Package: pgffor 2021/05/15 v3.1.9a (3.1.9a)
 (C:\Users\jb931\AppData\Roaming\MiKTeX\2.9\tex/generic/pgf/math\pgfmath.code.tex)
\pgffor@iter=\dimen180
\pgffor@skip=\dimen181
\pgffor@stack=\toks28
\pgffor@toks=\toks29
)) (C:\Users\jb931\AppData\Roaming\MiKTeX\2.9\tex/generic/pgf/frontendlayer/tikz\tikz.code.tex
Package: tikz 2021/05/15 v3.1.9a (3.1.9a)
 (C:\Users\jb931\AppData\Roaming\MiKTeX\2.9\tex/generic/pgf/libraries\pgflibraryplothandlers.code.tex
File: pgflibraryplothandlers.code.tex 2021/05/15 v3.1.9a (3.1.9a)
\pgf@plot@mark@count=\count271
\pgfplotmarksize=\dimen182
)
\tikz@lastx=\dimen183
\tikz@lasty=\dimen184
\tikz@lastxsaved=\dimen185
\tikz@lastysaved=\dimen186
\tikz@lastmovetox=\dimen187
\tikz@lastmovetoy=\dimen188
\tikzleveldistance=\dimen189
\tikzsiblingdistance=\dimen190
\tikz@figbox=\box58
\tikz@figbox@bg=\box59
\tikz@tempbox=\box60
\tikz@tempbox@bg=\box61
\tikztreelevel=\count272
\tikznumberofchildren=\count273
\tikznumberofcurrentchild=\count274
\tikz@fig@count=\count275
 (C:\Users\jb931\AppData\Roaming\MiKTeX\2.9\tex/generic/pgf/modules\pgfmodulematrix.code.tex
File: pgfmodulematrix.code.tex 2021/05/15 v3.1.9a (3.1.9a)
\pgfmatrixcurrentrow=\count276
\pgfmatrixcurrentcolumn=\count277
\pgf@matrix@numberofcolumns=\count278
)
\tikz@expandcount=\count279
 (C:\Users\jb931\AppData\Roaming\MiKTeX\2.9\tex/generic/pgf/frontendlayer/tikz/libraries\tikzlibrarytopaths.code.tex
File: tikzlibrarytopaths.code.tex 2021/05/15 v3.1.9a (3.1.9a)
))) (C:\Users\jb931\AppData\Roaming\MiKTeX\2.9\tex/generic/pgfplots\pgfplots.code.tex (C:\Users\jb931\AppData\Roaming\MiKTeX\2.9\tex/generic/pgfplots\pgfplotscore.code.tex
\t@pgfplots@toka=\toks30
\t@pgfplots@tokb=\toks31
\t@pgfplots@tokc=\toks32
\pgfplots@tmpa=\dimen191
\c@pgfplots@coordindex=\count280
\c@pgfplots@scanlineindex=\count281
 (C:\Users\jb931\AppData\Roaming\MiKTeX\2.9\tex/generic/pgfplots/sys\pgfplotssysgeneric.code.tex)) (C:\Users\jb931\AppData\Roaming\MiKTeX\2.9\tex/generic/pgfplots/libs\pgfplotslibrary.code.tex) (C:\Users\jb931\AppData\Roaming\MiKTeX\2.9\tex/generic/pgfplots/oldpgfcompatib\pgfplotsoldpgfsupp_loader.code.tex (C:\Users\jb931\AppData\Roaming\MiKTeX\2.9\tex/generic/pgf/libraries\pgflibraryfpu.code.tex)) (C:\Users\jb931\AppData\Roaming\MiKTeX\2.9\tex/generic/pgfplots/util\pgfplotsutil.code.tex (C:\Users\jb931\AppData\Roaming\MiKTeX\2.9\tex/generic/pgfplots/liststructure\pgfplotsliststructure.code.tex) (C:\Users\jb931\AppData\Roaming\MiKTeX\2.9\tex/generic/pgfplots/liststructure\pgfplotsliststructureext.code.tex) (C:\Users\jb931\AppData\Roaming\MiKTeX\2.9\tex/generic/pgfplots/liststructure\pgfplotsarray.code.tex
\c@pgfplotsarray@tmp=\count282
) (C:\Users\jb931\AppData\Roaming\MiKTeX\2.9\tex/generic/pgfplots/liststructure\pgfplotsmatrix.code.tex) (C:\Users\jb931\AppData\Roaming\MiKTeX\2.9\tex/generic/pgfplots/numtable\pgfplotstableshared.code.tex
\c@pgfplotstable@counta=\count283
\t@pgfplotstable@a=\toks33
) (C:\Users\jb931\AppData\Roaming\MiKTeX\2.9\tex/generic/pgfplots/liststructure\pgfplotsdeque.code.tex) (C:\Users\jb931\AppData\Roaming\MiKTeX\2.9\tex/generic/pgfplots/util\pgfplotsbinary.code.tex (C:\Users\jb931\AppData\Roaming\MiKTeX\2.9\tex/generic/pgfplots/util\pgfplotsbinary.data.code.tex)) (C:\Users\jb931\AppData\Roaming\MiKTeX\2.9\tex/generic/pgfplots/util\pgfplotsutil.verb.code.tex) (C:\Users\jb931\AppData\Roaming\MiKTeX\2.9\tex/generic/pgfplots/libs\pgflibrarypgfplots.surfshading.code.tex
\c@pgfplotslibrarysurf@no=\count284
 (C:\Users\jb931\AppData\Roaming\MiKTeX\2.9\tex/generic/pgfplots/sys\pgflibrarypgfplots.surfshading.pgfsys-pdftex.def))) (C:\Users\jb931\AppData\Roaming\MiKTeX\2.9\tex/generic/pgfplots/util\pgfplotscolormap.code.tex (C:\Users\jb931\AppData\Roaming\MiKTeX\2.9\tex/generic/pgfplots/util\pgfplotscolor.code.tex)) (C:\Users\jb931\AppData\Roaming\MiKTeX\2.9\tex/generic/pgfplots\pgfplotsstackedplots.code.tex) (C:\Users\jb931\AppData\Roaming\MiKTeX\2.9\tex/generic/pgfplots\pgfplotsplothandlers.code.tex (C:\Users\jb931\AppData\Roaming\MiKTeX\2.9\tex/generic/pgfplots\pgfplotsmeshplothandler.code.tex (C:\Users\jb931\AppData\Roaming\MiKTeX\2.9\tex/generic/pgfplots\pgfplotsmeshplotimage.code.tex))) (C:\Users\jb931\AppData\Roaming\MiKTeX\2.9\tex/generic/pgfplots\pgfplots.scaling.code.tex) (C:\Users\jb931\AppData\Roaming\MiKTeX\2.9\tex/generic/pgfplots\pgfplotscoordprocessing.code.tex) (C:\Users\jb931\AppData\Roaming\MiKTeX\2.9\tex/generic/pgfplots\pgfplots.errorbars.code.tex) (C:\Users\jb931\AppData\Roaming\MiKTeX\2.9\tex/generic/pgfplots\pgfplots.markers.code.tex) (C:\Users\jb931\AppData\Roaming\MiKTeX\2.9\tex/generic/pgfplots\pgfplotsticks.code.tex) (C:\Users\jb931\AppData\Roaming\MiKTeX\2.9\tex/generic/pgfplots\pgfplots.paths.code.tex) (C:\Users\jb931\AppData\Roaming\MiKTeX\2.9\tex/generic/pgf/frontendlayer/tikz/libraries\tikzlibrarydecorations.code.tex (C:\Users\jb931\AppData\Roaming\MiKTeX\2.9\tex/generic/pgf/modules\pgfmoduledecorations.code.tex
\pgfdecoratedcompleteddistance=\dimen192
\pgfdecoratedremainingdistance=\dimen193
\pgfdecoratedinputsegmentcompleteddistance=\dimen194
\pgfdecoratedinputsegmentremainingdistance=\dimen195
\pgf@decorate@distancetomove=\dimen196
\pgf@decorate@repeatstate=\count285
\pgfdecorationsegmentamplitude=\dimen197
\pgfdecorationsegmentlength=\dimen198
)
\tikz@lib@dec@box=\box62
) (C:\Users\jb931\AppData\Roaming\MiKTeX\2.9\tex/generic/pgf/frontendlayer/tikz/libraries\tikzlibrarydecorations.pathmorphing.code.tex
(C:\Users\jb931\AppData\Roaming\MiKTeX\2.9\tex/generic/pgf/libraries/decorations\pgflibrarydecorations.pathmorphing.code.tex)) (C:\Users\jb931\AppData\Roaming\MiKTeX\2.9\tex/generic/pgf/frontendlayer/tikz/libraries\tikzlibrarydecorations.pathreplacing.code.tex (C:\Users\jb931\AppData\Roaming\MiKTeX\2.9\tex/generic/pgf/libraries/decorations\pgflibrarydecorations.pathreplacing.code.tex)) (C:\Users\jb931\AppData\Roaming\MiKTeX\2.9\tex/generic/pgfplots/libs\tikzlibrarypgfplots.contourlua.code.tex)
\pgfplots@numplots=\count286
\pgfplots@xmin@reg=\dimen199
\pgfplots@xmax@reg=\dimen256
\pgfplots@ymin@reg=\dimen257
\pgfplots@ymax@reg=\dimen258
\pgfplots@zmin@reg=\dimen259
\pgfplots@zmax@reg=\dimen260
) (C:\Users\jb931\AppData\Roaming\MiKTeX\2.9\tex/generic/pgf/frontendlayer/tikz/libraries\tikzlibraryplotmarks.code.tex
File: tikzlibraryplotmarks.code.tex 2021/05/15 v3.1.9a (3.1.9a)
 (C:\Users\jb931\AppData\Roaming\MiKTeX\2.9\tex/generic/pgf/libraries\pgflibraryplotmarks.code.tex
File: pgflibraryplotmarks.code.tex 2021/05/15 v3.1.9a (3.1.9a)
))) (C:\Users\jb931\AppData\Roaming\MiKTeX\2.9\tex/latex/pgfplots\pgfplotstable.sty (C:\Users\jb931\AppData\Roaming\MiKTeX\2.9\tex/generic/pgfplots\pgfplots.revision.tex)
Package: pgfplotstable 2021/05/15 v1.18.1 Table typesetting and Pretty-printing (1.18.1)
 (C:\Users\jb931\AppData\Roaming\MiKTeX\2.9\tex/generic/pgfplots/numtable\pgfplotstable.code.tex (C:\Users\jb931\AppData\Roaming\MiKTeX\2.9\tex/generic/pgfplots/numtable\pgfplotstable.coltype.code.tex)) (C:\Users\jb931\AppData\Roaming\MiKTeX\2.9\tex/latex/tools\array.sty
Package: array 2021/04/20 v2.5e Tabular extension package (FMi)
\col@sep=\dimen261
\ar@mcellbox=\box63
\extrarowheight=\dimen262
\NC@list=\toks34
\extratabsurround=\skip49
\backup@length=\skip50
\ar@cellbox=\box64
)) (C:\Users\jb931\AppData\Roaming\MiKTeX\2.9\tex/generic/pgfplots/libs\tikzlibrarypgfplots.groupplots.code.tex
\pgfplots@group@current@plot=\count287
\pgfplots@group@current@row=\count288
\pgfplots@group@current@column=\count289
 (C:\Users\jb931\AppData\Roaming\MiKTeX\2.9\tex/generic/pgf/frontendlayer/tikz/libraries\tikzlibrarycalc.code.tex
File: tikzlibrarycalc.code.tex 2021/05/15 v3.1.9a (3.1.9a)
)) (C:\Users\jb931\AppData\Roaming\MiKTeX\2.9\tex/generic/pgf/frontendlayer/tikz/libraries\tikzlibrarypositioning.code.tex
File: tikzlibrarypositioning.code.tex 2021/05/15 v3.1.9a (3.1.9a)
) (C:\Users\jb931\AppData\Roaming\MiKTeX\2.9\tex/latex/l3backend\l3backend-pdftex.def
File: l3backend-pdftex.def 2021-07-12 L3 backend support: PDF output (pdfTeX)
\l__color_backend_stack_int=\count290
\l__pdf_internal_box=\box65
) (model_sim.aux)
\openout1 = `model_sim.aux'.

LaTeX Font Info:    Checking defaults for OML/cmm/m/it on input line 7.
LaTeX Font Info:    ... okay on input line 7.
LaTeX Font Info:    Checking defaults for OMS/cmsy/m/n on input line 7.
LaTeX Font Info:    ... okay on input line 7.
LaTeX Font Info:    Checking defaults for OT1/cmr/m/n on input line 7.
LaTeX Font Info:    ... okay on input line 7.
LaTeX Font Info:    Checking defaults for T1/cmr/m/n on input line 7.
LaTeX Font Info:    ... okay on input line 7.
LaTeX Font Info:    Checking defaults for TS1/cmr/m/n on input line 7.
LaTeX Font Info:    ... okay on input line 7.
LaTeX Font Info:    Checking defaults for OMX/cmex/m/n on input line 7.
LaTeX Font Info:    ... okay on input line 7.
LaTeX Font Info:    Checking defaults for U/cmr/m/n on input line 7.
LaTeX Font Info:    ... okay on input line 7.
 (C:\Users\jb931\AppData\Roaming\MiKTeX\2.9\tex/context/base/mkii\supp-pdf.mkii
[Loading MPS to PDF converter (version 2006.09.02).]
\scratchcounter=\count291
\scratchdimen=\dimen263
\scratchbox=\box66
\nofMPsegments=\count292
\nofMParguments=\count293
\everyMPshowfont=\toks35
\MPscratchCnt=\count294
\MPscratchDim=\dimen264
\MPnumerator=\count295
\makeMPintoPDFobject=\count296
\everyMPtoPDFconversion=\toks36
) (C:\Users\jb931\AppData\Roaming\MiKTeX\2.9\tex/latex/epstopdf-pkg\epstopdf-base.sty
Package: epstopdf-base 2020-01-24 v2.11 Base part for package epstopdf
Package epstopdf-base Info: Redefining graphics rule for `.eps' on input line 485.
 (C:\Program Files\MiKTeX 2.9\tex/latex/00miktex\epstopdf-sys.cfg
File: epstopdf-sys.cfg 2021/03/18 v2.0 Configuration of epstopdf for MiKTeX
))
Package pgfplots notification 'compat/show suggested version=true': you might benefit from \pgfplotsset{compat=1.18} (current compat level: 1.16).

PGFPlots: reading {./model/Simulation/SIMULATION_Low_Latency.out}
PGFPlots: reading {./model/MinLatency/MM1}
NOTE: coordinate (51,NaN) has been dropped because it is unbounded (in y). (see also unbounded coords=jump). 
NOTE: coordinate (52,NaN) has been dropped because it is unbounded (in y). (see also unbounded coords=jump). 
NOTE: coordinate (53,NaN) has been dropped because it is unbounded (in y). (see also unbounded coords=jump). 
NOTE: coordinate (54,NaN) has been dropped because it is unbounded (in y). (see also unbounded coords=jump). 
NOTE: coordinate (55,NaN) has been dropped because it is unbounded (in y). (see also unbounded coords=jump). 
NOTE: coordinate (56,NaN) has been dropped because it is unbounded (in y). (see also unbounded coords=jump). 
NOTE: coordinate (57,NaN) has been dropped because it is unbounded (in y). (see also unbounded coords=jump). 
NOTE: coordinate (58,NaN) has been dropped because it is unbounded (in y). (see also unbounded coords=jump). 
NOTE: coordinate (59,NaN) has been dropped because it is unbounded (in y). (see also unbounded coords=jump). 
NOTE: coordinate (60,NaN) has been dropped because it is unbounded (in y). (see also unbounded coords=jump). 
NOTE: coordinate (61,NaN) has been dropped because it is unbounded (in y). (see also unbounded coords=jump). 
NOTE: coordinate (62,NaN) has been dropped because it is unbounded (in y). (see also unbounded coords=jump). 
NOTE: coordinate (63,NaN) has been dropped because it is unbounded (in y). (see also unbounded coords=jump). 
NOTE: coordinate (64,NaN) has been dropped because it is unbounded (in y). (see also unbounded coords=jump). 
NOTE: coordinate (65,NaN) has been dropped because it is unbounded (in y). (see also unbounded coords=jump). 
NOTE: coordinate (66,NaN) has been dropped because it is unbounded (in y). (see also unbounded coords=jump). 
NOTE: coordinate (67,NaN) has been dropped because it is unbounded (in y). (see also unbounded coords=jump). 
NOTE: coordinate (68,NaN) has been dropped because it is unbounded (in y). (see also unbounded coords=jump). 
NOTE: coordinate (69,NaN) has been dropped because it is unbounded (in y). (see also unbounded coords=jump). 
NOTE: coordinate (70,NaN) has been dropped because it is unbounded (in y). (see also unbounded coords=jump). 
NOTE: coordinate (71,NaN) has been dropped because it is unbounded (in y). (see also unbounded coords=jump). 
NOTE: coordinate (72,NaN) has been dropped because it is unbounded (in y). (see also unbounded coords=jump). 
NOTE: coordinate (73,NaN) has been dropped because it is unbounded (in y). (see also unbounded coords=jump). 
NOTE: coordinate (74,NaN) has been dropped because it is unbounded (in y). (see also unbounded coords=jump). 
NOTE: coordinate (75,NaN) has been dropped because it is unbounded (in y). (see also unbounded coords=jump). 
NOTE: coordinate (76,NaN) has been dropped because it is unbounded (in y). (see also unbounded coords=jump). 
NOTE: coordinate (77,NaN) has been dropped because it is unbounded (in y). (see also unbounded coords=jump). 
NOTE: coordinate (78,NaN) has been dropped because it is unbounded (in y). (see also unbounded coords=jump). 
NOTE: coordinate (79,NaN) has been dropped because it is unbounded (in y). (see also unbounded coords=jump). 
NOTE: coordinate (80,NaN) has been dropped because it is unbounded (in y). (see also unbounded coords=jump). 
NOTE: coordinate (81,NaN) has been dropped because it is unbounded (in y). (see also unbounded coords=jump). 
NOTE: coordinate (82,NaN) has been dropped because it is unbounded (in y). (see also unbounded coords=jump). 
NOTE: coordinate (83,NaN) has been dropped because it is unbounded (in y). (see also unbounded coords=jump). 
NOTE: coordinate (84,NaN) has been dropped because it is unbounded (in y). (see also unbounded coords=jump). 
NOTE: coordinate (85,NaN) has been dropped because it is unbounded (in y). (see also unbounded coords=jump). 
NOTE: coordinate (86,NaN) has been dropped because it is unbounded (in y). (see also unbounded coords=jump). 
NOTE: coordinate (87,NaN) has been dropped because it is unbounded (in y). (see also unbounded coords=jump). 
NOTE: coordinate (88,NaN) has been dropped because it is unbounded (in y). (see also unbounded coords=jump). 
NOTE: coordinate (89,NaN) has been dropped because it is unbounded (in y). (see also unbounded coords=jump). 
NOTE: coordinate (90,NaN) has been dropped because it is unbounded (in y). (see also unbounded coords=jump). 
NOTE: coordinate (91,NaN) has been dropped because it is unbounded (in y). (see also unbounded coords=jump). 
NOTE: coordinate (92,NaN) has been dropped because it is unbounded (in y). (see also unbounded coords=jump). 
NOTE: coordinate (93,NaN) has been dropped because it is unbounded (in y). (see also unbounded coords=jump). 
NOTE: coordinate (94,NaN) has been dropped because it is unbounded (in y). (see also unbounded coords=jump). 
NOTE: coordinate (95,NaN) has been dropped because it is unbounded (in y). (see also unbounded coords=jump). 
NOTE: coordinate (96,NaN) has been dropped because it is unbounded (in y). (see also unbounded coords=jump). 
NOTE: coordinate (97,NaN) has been dropped because it is unbounded (in y). (see also unbounded coords=jump). 
NOTE: coordinate (98,NaN) has been dropped because it is unbounded (in y). (see also unbounded coords=jump). 
NOTE: coordinate (99,NaN) has been dropped because it is unbounded (in y). (see also unbounded coords=jump). 
PGFPlots: reading {./model/MinLatency/NoIterations}
PGFPlots: reading {./model/MinLatency/Iterative}
LaTeX Font Info:    External font `cmex10' loaded for size
(Font)              <14.4> on input line 59.
LaTeX Font Info:    External font `cmex10' loaded for size
(Font)              <7> on input line 59.
PGFPlots: reading {./model/Simulation/SIMULATION_Low_PacketLoss.out}
PGFPlots: reading {./model/MinPacketLoss/MM1}
NOTE: coordinate (41,NaN) has been dropped because it is unbounded (in y). (see also unbounded coords=jump). 
NOTE: coordinate (42,NaN) has been dropped because it is unbounded (in y). (see also unbounded coords=jump). 
NOTE: coordinate (43,NaN) has been dropped because it is unbounded (in y). (see also unbounded coords=jump). 
NOTE: coordinate (44,NaN) has been dropped because it is unbounded (in y). (see also unbounded coords=jump). 
NOTE: coordinate (45,NaN) has been dropped because it is unbounded (in y). (see also unbounded coords=jump). 
NOTE: coordinate (46,NaN) has been dropped because it is unbounded (in y). (see also unbounded coords=jump). 
NOTE: coordinate (47,NaN) has been dropped because it is unbounded (in y). (see also unbounded coords=jump). 
NOTE: coordinate (48,NaN) has been dropped because it is unbounded (in y). (see also unbounded coords=jump). 
NOTE: coordinate (49,NaN) has been dropped because it is unbounded (in y). (see also unbounded coords=jump). 
NOTE: coordinate (50,NaN) has been dropped because it is unbounded (in y). (see also unbounded coords=jump). 
NOTE: coordinate (51,NaN) has been dropped because it is unbounded (in y). (see also unbounded coords=jump). 
NOTE: coordinate (52,NaN) has been dropped because it is unbounded (in y). (see also unbounded coords=jump). 
NOTE: coordinate (53,NaN) has been dropped because it is unbounded (in y). (see also unbounded coords=jump). 
NOTE: coordinate (54,NaN) has been dropped because it is unbounded (in y). (see also unbounded coords=jump). 
NOTE: coordinate (55,NaN) has been dropped because it is unbounded (in y). (see also unbounded coords=jump). 
NOTE: coordinate (56,NaN) has been dropped because it is unbounded (in y). (see also unbounded coords=jump). 
NOTE: coordinate (57,NaN) has been dropped because it is unbounded (in y). (see also unbounded coords=jump). 
NOTE: coordinate (58,NaN) has been dropped because it is unbounded (in y). (see also unbounded coords=jump). 
NOTE: coordinate (59,NaN) has been dropped because it is unbounded (in y). (see also unbounded coords=jump). 
NOTE: coordinate (60,NaN) has been dropped because it is unbounded (in y). (see also unbounded coords=jump). 
NOTE: coordinate (61,NaN) has been dropped because it is unbounded (in y). (see also unbounded coords=jump). 
NOTE: coordinate (62,NaN) has been dropped because it is unbounded (in y). (see also unbounded coords=jump). 
NOTE: coordinate (63,NaN) has been dropped because it is unbounded (in y). (see also unbounded coords=jump). 
NOTE: coordinate (64,NaN) has been dropped because it is unbounded (in y). (see also unbounded coords=jump). 
NOTE: coordinate (65,NaN) has been dropped because it is unbounded (in y). (see also unbounded coords=jump). 
NOTE: coordinate (66,NaN) has been dropped because it is unbounded (in y). (see also unbounded coords=jump). 
NOTE: coordinate (67,NaN) has been dropped because it is unbounded (in y). (see also unbounded coords=jump). 
NOTE: coordinate (68,NaN) has been dropped because it is unbounded (in y). (see also unbounded coords=jump). 
NOTE: coordinate (69,NaN) has been dropped because it is unbounded (in y). (see also unbounded coords=jump). 
NOTE: coordinate (70,NaN) has been dropped because it is unbounded (in y). (see also unbounded coords=jump). 
NOTE: coordinate (71,NaN) has been dropped because it is unbounded (in y). (see also unbounded coords=jump). 
NOTE: coordinate (72,NaN) has been dropped because it is unbounded (in y). (see also unbounded coords=jump). 
NOTE: coordinate (73,NaN) has been dropped because it is unbounded (in y). (see also unbounded coords=jump). 
NOTE: coordinate (74,NaN) has been dropped because it is unbounded (in y). (see also unbounded coords=jump). 
NOTE: coordinate (75,NaN) has been dropped because it is unbounded (in y). (see also unbounded coords=jump). 
NOTE: coordinate (76,NaN) has been dropped because it is unbounded (in y). (see also unbounded coords=jump). 
NOTE: coordinate (77,NaN) has been dropped because it is unbounded (in y). (see also unbounded coords=jump). 
NOTE: coordinate (78,NaN) has been dropped because it is unbounded (in y). (see also unbounded coords=jump). 
NOTE: coordinate (79,NaN) has been dropped because it is unbounded (in y). (see also unbounded coords=jump). 
NOTE: coordinate (80,NaN) has been dropped because it is unbounded (in y). (see also unbounded coords=jump). 
NOTE: coordinate (81,NaN) has been dropped because it is unbounded (in y). (see also unbounded coords=jump). 
NOTE: coordinate (82,NaN) has been dropped because it is unbounded (in y). (see also unbounded coords=jump). 
NOTE: coordinate (83,NaN) has been dropped because it is unbounded (in y). (see also unbounded coords=jump). 
NOTE: coordinate (84,NaN) has been dropped because it is unbounded (in y). (see also unbounded coords=jump). 
NOTE: coordinate (85,NaN) has been dropped because it is unbounded (in y). (see also unbounded coords=jump). 
NOTE: coordinate (86,NaN) has been dropped because it is unbounded (in y). (see also unbounded coords=jump). 
NOTE: coordinate (87,NaN) has been dropped because it is unbounded (in y). (see also unbounded coords=jump). 
NOTE: coordinate (88,NaN) has been dropped because it is unbounded (in y). (see also unbounded coords=jump). 
NOTE: coordinate (89,NaN) has been dropped because it is unbounded (in y). (see also unbounded coords=jump). 
NOTE: coordinate (90,NaN) has been dropped because it is unbounded (in y). (see also unbounded coords=jump). 
NOTE: coordinate (91,NaN) has been dropped because it is unbounded (in y). (see also unbounded coords=jump). 
NOTE: coordinate (92,NaN) has been dropped because it is unbounded (in y). (see also unbounded coords=jump). 
NOTE: coordinate (93,NaN) has been dropped because it is unbounded (in y). (see also unbounded coords=jump). 
NOTE: coordinate (94,NaN) has been dropped because it is unbounded (in y). (see also unbounded coords=jump). 
NOTE: coordinate (95,NaN) has been dropped because it is unbounded (in y). (see also unbounded coords=jump). 
NOTE: coordinate (96,NaN) has been dropped because it is unbounded (in y). (see also unbounded coords=jump). 
NOTE: coordinate (97,NaN) has been dropped because it is unbounded (in y). (see also unbounded coords=jump). 
NOTE: coordinate (98,NaN) has been dropped because it is unbounded (in y). (see also unbounded coords=jump). 
NOTE: coordinate (99,NaN) has been dropped because it is unbounded (in y). (see also unbounded coords=jump). 
PGFPlots: reading {./model/MinPacketLoss/NoIterations}
PGFPlots: reading {./model/MinPacketLoss/Iterative}
PGFPlots: reading {./model/Simulation/SIMULATION_Low_Energy.out}
PGFPlots: reading {./model/MinEnergy/MM1}
NOTE: coordinate (11,inf) has been dropped because it is unbounded (in y). (see also unbounded coords=jump). 
NOTE: coordinate (12,inf) has been dropped because it is unbounded (in y). (see also unbounded coords=jump). 
NOTE: coordinate (13,inf) has been dropped because it is unbounded (in y). (see also unbounded coords=jump). 
NOTE: coordinate (14,inf) has been dropped because it is unbounded (in y). (see also unbounded coords=jump). 
NOTE: coordinate (15,inf) has been dropped because it is unbounded (in y). (see also unbounded coords=jump). 
NOTE: coordinate (16,inf) has been dropped because it is unbounded (in y). (see also unbounded coords=jump). 
NOTE: coordinate (17,inf) has been dropped because it is unbounded (in y). (see also unbounded coords=jump). 
NOTE: coordinate (18,inf) has been dropped because it is unbounded (in y). (see also unbounded coords=jump). 
NOTE: coordinate (19,inf) has been dropped because it is unbounded (in y). (see also unbounded coords=jump). 
NOTE: coordinate (20,inf) has been dropped because it is unbounded (in y). (see also unbounded coords=jump). 
NOTE: coordinate (21,inf) has been dropped because it is unbounded (in y). (see also unbounded coords=jump). 
NOTE: coordinate (22,inf) has been dropped because it is unbounded (in y). (see also unbounded coords=jump). 
NOTE: coordinate (23,inf) has been dropped because it is unbounded (in y). (see also unbounded coords=jump). 
NOTE: coordinate (24,inf) has been dropped because it is unbounded (in y). (see also unbounded coords=jump). 
NOTE: coordinate (25,inf) has been dropped because it is unbounded (in y). (see also unbounded coords=jump). 
NOTE: coordinate (26,inf) has been dropped because it is unbounded (in y). (see also unbounded coords=jump). 
NOTE: coordinate (27,inf) has been dropped because it is unbounded (in y). (see also unbounded coords=jump). 
NOTE: coordinate (28,inf) has been dropped because it is unbounded (in y). (see also unbounded coords=jump). 
NOTE: coordinate (29,inf) has been dropped because it is unbounded (in y). (see also unbounded coords=jump). 
NOTE: coordinate (30,inf) has been dropped because it is unbounded (in y). (see also unbounded coords=jump). 
NOTE: coordinate (31,inf) has been dropped because it is unbounded (in y). (see also unbounded coords=jump). 
NOTE: coordinate (32,inf) has been dropped because it is unbounded (in y). (see also unbounded coords=jump). 
NOTE: coordinate (33,inf) has been dropped because it is unbounded (in y). (see also unbounded coords=jump). 
NOTE: coordinate (34,inf) has been dropped because it is unbounded (in y). (see also unbounded coords=jump). 
NOTE: coordinate (35,inf) has been dropped because it is unbounded (in y). (see also unbounded coords=jump). 
NOTE: coordinate (36,inf) has been dropped because it is unbounded (in y). (see also unbounded coords=jump). 
NOTE: coordinate (37,inf) has been dropped because it is unbounded (in y). (see also unbounded coords=jump). 
NOTE: coordinate (38,inf) has been dropped because it is unbounded (in y). (see also unbounded coords=jump). 
NOTE: coordinate (39,inf) has been dropped because it is unbounded (in y). (see also unbounded coords=jump). 
NOTE: coordinate (40,inf) has been dropped because it is unbounded (in y). (see also unbounded coords=jump). 
NOTE: coordinate (41,inf) has been dropped because it is unbounded (in y). (see also unbounded coords=jump). 
NOTE: coordinate (42,inf) has been dropped because it is unbounded (in y). (see also unbounded coords=jump). 
NOTE: coordinate (43,inf) has been dropped because it is unbounded (in y). (see also unbounded coords=jump). 
NOTE: coordinate (44,inf) has been dropped because it is unbounded (in y). (see also unbounded coords=jump). 
NOTE: coordinate (45,inf) has been dropped because it is unbounded (in y). (see also unbounded coords=jump). 
NOTE: coordinate (46,inf) has been dropped because it is unbounded (in y). (see also unbounded coords=jump). 
NOTE: coordinate (47,inf) has been dropped because it is unbounded (in y). (see also unbounded coords=jump). 
NOTE: coordinate (48,inf) has been dropped because it is unbounded (in y). (see also unbounded coords=jump). 
NOTE: coordinate (49,inf) has been dropped because it is unbounded (in y). (see also unbounded coords=jump). 
NOTE: coordinate (50,inf) has been dropped because it is unbounded (in y). (see also unbounded coords=jump). 
NOTE: coordinate (51,inf) has been dropped because it is unbounded (in y). (see also unbounded coords=jump). 
NOTE: coordinate (52,inf) has been dropped because it is unbounded (in y). (see also unbounded coords=jump). 
NOTE: coordinate (53,inf) has been dropped because it is unbounded (in y). (see also unbounded coords=jump). 
NOTE: coordinate (54,inf) has been dropped because it is unbounded (in y). (see also unbounded coords=jump). 
NOTE: coordinate (55,inf) has been dropped because it is unbounded (in y). (see also unbounded coords=jump). 
NOTE: coordinate (56,inf) has been dropped because it is unbounded (in y). (see also unbounded coords=jump). 
NOTE: coordinate (57,inf) has been dropped because it is unbounded (in y). (see also unbounded coords=jump). 
NOTE: coordinate (58,inf) has been dropped because it is unbounded (in y). (see also unbounded coords=jump). 
NOTE: coordinate (59,inf) has been dropped because it is unbounded (in y). (see also unbounded coords=jump). 
NOTE: coordinate (60,inf) has been dropped because it is unbounded (in y). (see also unbounded coords=jump). 
NOTE: coordinate (61,inf) has been dropped because it is unbounded (in y). (see also unbounded coords=jump). 
NOTE: coordinate (62,inf) has been dropped because it is unbounded (in y). (see also unbounded coords=jump). 
NOTE: coordinate (63,inf) has been dropped because it is unbounded (in y). (see also unbounded coords=jump). 
NOTE: coordinate (64,inf) has been dropped because it is unbounded (in y). (see also unbounded coords=jump). 
NOTE: coordinate (65,inf) has been dropped because it is unbounded (in y). (see also unbounded coords=jump). 
NOTE: coordinate (66,inf) has been dropped because it is unbounded (in y). (see also unbounded coords=jump). 
NOTE: coordinate (67,inf) has been dropped because it is unbounded (in y). (see also unbounded coords=jump). 
NOTE: coordinate (68,inf) has been dropped because it is unbounded (in y). (see also unbounded coords=jump). 
NOTE: coordinate (69,inf) has been dropped because it is unbounded (in y). (see also unbounded coords=jump). 
NOTE: coordinate (70,inf) has been dropped because it is unbounded (in y). (see also unbounded coords=jump). 
NOTE: coordinate (71,inf) has been dropped because it is unbounded (in y). (see also unbounded coords=jump). 
NOTE: coordinate (72,inf) has been dropped because it is unbounded (in y). (see also unbounded coords=jump). 
NOTE: coordinate (73,inf) has been dropped because it is unbounded (in y). (see also unbounded coords=jump). 
NOTE: coordinate (74,inf) has been dropped because it is unbounded (in y). (see also unbounded coords=jump). 
NOTE: coordinate (75,inf) has been dropped because it is unbounded (in y). (see also unbounded coords=jump). 
NOTE: coordinate (76,inf) has been dropped because it is unbounded (in y). (see also unbounded coords=jump). 
NOTE: coordinate (77,inf) has been dropped because it is unbounded (in y). (see also unbounded coords=jump). 
NOTE: coordinate (78,inf) has been dropped because it is unbounded (in y). (see also unbounded coords=jump). 
NOTE: coordinate (79,inf) has been dropped because it is unbounded (in y). (see also unbounded coords=jump). 
NOTE: coordinate (80,inf) has been dropped because it is unbounded (in y). (see also unbounded coords=jump). 
NOTE: coordinate (81,inf) has been dropped because it is unbounded (in y). (see also unbounded coords=jump). 
NOTE: coordinate (82,inf) has been dropped because it is unbounded (in y). (see also unbounded coords=jump). 
NOTE: coordinate (83,inf) has been dropped because it is unbounded (in y). (see also unbounded coords=jump). 
NOTE: coordinate (84,inf) has been dropped because it is unbounded (in y). (see also unbounded coords=jump). 
NOTE: coordinate (85,inf) has been dropped because it is unbounded (in y). (see also unbounded coords=jump). 
NOTE: coordinate (86,inf) has been dropped because it is unbounded (in y). (see also unbounded coords=jump). 
NOTE: coordinate (87,inf) has been dropped because it is unbounded (in y). (see also unbounded coords=jump). 
NOTE: coordinate (88,inf) has been dropped because it is unbounded (in y). (see also unbounded coords=jump). 
NOTE: coordinate (89,inf) has been dropped because it is unbounded (in y). (see also unbounded coords=jump). 
NOTE: coordinate (90,inf) has been dropped because it is unbounded (in y). (see also unbounded coords=jump). 
NOTE: coordinate (91,inf) has been dropped because it is unbounded (in y). (see also unbounded coords=jump). 
NOTE: coordinate (92,inf) has been dropped because it is unbounded (in y). (see also unbounded coords=jump). 
NOTE: coordinate (93,inf) has been dropped because it is unbounded (in y). (see also unbounded coords=jump). 
NOTE: coordinate (94,inf) has been dropped because it is unbounded (in y). (see also unbounded coords=jump). 
NOTE: coordinate (95,inf) has been dropped because it is unbounded (in y). (see also unbounded coords=jump). 
NOTE: coordinate (96,inf) has been dropped because it is unbounded (in y). (see also unbounded coords=jump). 
NOTE: coordinate (97,inf) has been dropped because it is unbounded (in y). (see also unbounded coords=jump). 
NOTE: coordinate (98,inf) has been dropped because it is unbounded (in y). (see also unbounded coords=jump). 
NOTE: coordinate (99,inf) has been dropped because it is unbounded (in y). (see also unbounded coords=jump). 
PGFPlots: reading {./model/MinEnergy/NoIterations}
PGFPlots: reading {./model/MinEnergy/Iterative}
PGFPlots: reading {./model/Simulation/SIMULATION_Balanced.out}
PGFPlots: reading {./model/Balanced/MM1}
NOTE: coordinate (21,NaN) has been dropped because it is unbounded (in y). (see also unbounded coords=jump). 
NOTE: coordinate (22,NaN) has been dropped because it is unbounded (in y). (see also unbounded coords=jump). 
NOTE: coordinate (23,NaN) has been dropped because it is unbounded (in y). (see also unbounded coords=jump). 
NOTE: coordinate (24,NaN) has been dropped because it is unbounded (in y). (see also unbounded coords=jump). 
NOTE: coordinate (25,NaN) has been dropped because it is unbounded (in y). (see also unbounded coords=jump). 
NOTE: coordinate (26,NaN) has been dropped because it is unbounded (in y). (see also unbounded coords=jump). 
NOTE: coordinate (27,NaN) has been dropped because it is unbounded (in y). (see also unbounded coords=jump). 
NOTE: coordinate (28,NaN) has been dropped because it is unbounded (in y). (see also unbounded coords=jump). 
NOTE: coordinate (29,NaN) has been dropped because it is unbounded (in y). (see also unbounded coords=jump). 
NOTE: coordinate (30,NaN) has been dropped because it is unbounded (in y). (see also unbounded coords=jump). 
NOTE: coordinate (31,NaN) has been dropped because it is unbounded (in y). (see also unbounded coords=jump). 
NOTE: coordinate (32,NaN) has been dropped because it is unbounded (in y). (see also unbounded coords=jump). 
NOTE: coordinate (33,NaN) has been dropped because it is unbounded (in y). (see also unbounded coords=jump). 
NOTE: coordinate (34,NaN) has been dropped because it is unbounded (in y). (see also unbounded coords=jump). 
NOTE: coordinate (35,NaN) has been dropped because it is unbounded (in y). (see also unbounded coords=jump). 
NOTE: coordinate (36,NaN) has been dropped because it is unbounded (in y). (see also unbounded coords=jump). 
NOTE: coordinate (37,NaN) has been dropped because it is unbounded (in y). (see also unbounded coords=jump). 
NOTE: coordinate (38,NaN) has been dropped because it is unbounded (in y). (see also unbounded coords=jump). 
NOTE: coordinate (39,NaN) has been dropped because it is unbounded (in y). (see also unbounded coords=jump). 
NOTE: coordinate (40,NaN) has been dropped because it is unbounded (in y). (see also unbounded coords=jump). 
NOTE: coordinate (41,NaN) has been dropped because it is unbounded (in y). (see also unbounded coords=jump). 
NOTE: coordinate (42,NaN) has been dropped because it is unbounded (in y). (see also unbounded coords=jump). 
NOTE: coordinate (43,NaN) has been dropped because it is unbounded (in y). (see also unbounded coords=jump). 
NOTE: coordinate (44,NaN) has been dropped because it is unbounded (in y). (see also unbounded coords=jump). 
NOTE: coordinate (45,NaN) has been dropped because it is unbounded (in y). (see also unbounded coords=jump). 
NOTE: coordinate (46,NaN) has been dropped because it is unbounded (in y). (see also unbounded coords=jump). 
NOTE: coordinate (47,NaN) has been dropped because it is unbounded (in y). (see also unbounded coords=jump). 
NOTE: coordinate (48,NaN) has been dropped because it is unbounded (in y). (see also unbounded coords=jump). 
NOTE: coordinate (49,NaN) has been dropped because it is unbounded (in y). (see also unbounded coords=jump). 
NOTE: coordinate (50,NaN) has been dropped because it is unbounded (in y). (see also unbounded coords=jump). 
NOTE: coordinate (51,NaN) has been dropped because it is unbounded (in y). (see also unbounded coords=jump). 
NOTE: coordinate (52,NaN) has been dropped because it is unbounded (in y). (see also unbounded coords=jump). 
NOTE: coordinate (53,NaN) has been dropped because it is unbounded (in y). (see also unbounded coords=jump). 
NOTE: coordinate (54,NaN) has been dropped because it is unbounded (in y). (see also unbounded coords=jump). 
NOTE: coordinate (55,NaN) has been dropped because it is unbounded (in y). (see also unbounded coords=jump). 
NOTE: coordinate (56,NaN) has been dropped because it is unbounded (in y). (see also unbounded coords=jump). 
NOTE: coordinate (57,NaN) has been dropped because it is unbounded (in y). (see also unbounded coords=jump). 
NOTE: coordinate (58,NaN) has been dropped because it is unbounded (in y). (see also unbounded coords=jump). 
NOTE: coordinate (59,NaN) has been dropped because it is unbounded (in y). (see also unbounded coords=jump). 
NOTE: coordinate (60,NaN) has been dropped because it is unbounded (in y). (see also unbounded coords=jump). 
NOTE: coordinate (61,NaN) has been dropped because it is unbounded (in y). (see also unbounded coords=jump). 
NOTE: coordinate (62,NaN) has been dropped because it is unbounded (in y). (see also unbounded coords=jump). 
NOTE: coordinate (63,NaN) has been dropped because it is unbounded (in y). (see also unbounded coords=jump). 
NOTE: coordinate (64,NaN) has been dropped because it is unbounded (in y). (see also unbounded coords=jump). 
NOTE: coordinate (65,NaN) has been dropped because it is unbounded (in y). (see also unbounded coords=jump). 
NOTE: coordinate (66,NaN) has been dropped because it is unbounded (in y). (see also unbounded coords=jump). 
NOTE: coordinate (67,NaN) has been dropped because it is unbounded (in y). (see also unbounded coords=jump). 
NOTE: coordinate (68,NaN) has been dropped because it is unbounded (in y). (see also unbounded coords=jump). 
NOTE: coordinate (69,NaN) has been dropped because it is unbounded (in y). (see also unbounded coords=jump). 
NOTE: coordinate (70,NaN) has been dropped because it is unbounded (in y). (see also unbounded coords=jump). 
NOTE: coordinate (71,NaN) has been dropped because it is unbounded (in y). (see also unbounded coords=jump). 
NOTE: coordinate (72,NaN) has been dropped because it is unbounded (in y). (see also unbounded coords=jump). 
NOTE: coordinate (73,NaN) has been dropped because it is unbounded (in y). (see also unbounded coords=jump). 
NOTE: coordinate (74,NaN) has been dropped because it is unbounded (in y). (see also unbounded coords=jump). 
NOTE: coordinate (75,NaN) has been dropped because it is unbounded (in y). (see also unbounded coords=jump). 
NOTE: coordinate (76,NaN) has been dropped because it is unbounded (in y). (see also unbounded coords=jump). 
NOTE: coordinate (77,NaN) has been dropped because it is unbounded (in y). (see also unbounded coords=jump). 
NOTE: coordinate (78,NaN) has been dropped because it is unbounded (in y). (see also unbounded coords=jump). 
NOTE: coordinate (79,NaN) has been dropped because it is unbounded (in y). (see also unbounded coords=jump). 
NOTE: coordinate (80,NaN) has been dropped because it is unbounded (in y). (see also unbounded coords=jump). 
NOTE: coordinate (81,NaN) has been dropped because it is unbounded (in y). (see also unbounded coords=jump). 
NOTE: coordinate (82,NaN) has been dropped because it is unbounded (in y). (see also unbounded coords=jump). 
NOTE: coordinate (83,NaN) has been dropped because it is unbounded (in y). (see also unbounded coords=jump). 
NOTE: coordinate (84,NaN) has been dropped because it is unbounded (in y). (see also unbounded coords=jump). 
NOTE: coordinate (85,NaN) has been dropped because it is unbounded (in y). (see also unbounded coords=jump). 
NOTE: coordinate (86,NaN) has been dropped because it is unbounded (in y). (see also unbounded coords=jump). 
NOTE: coordinate (87,NaN) has been dropped because it is unbounded (in y). (see also unbounded coords=jump). 
NOTE: coordinate (88,NaN) has been dropped because it is unbounded (in y). (see also unbounded coords=jump). 
NOTE: coordinate (89,NaN) has been dropped because it is unbounded (in y). (see also unbounded coords=jump). 
NOTE: coordinate (90,NaN) has been dropped because it is unbounded (in y). (see also unbounded coords=jump). 
NOTE: coordinate (91,NaN) has been dropped because it is unbounded (in y). (see also unbounded coords=jump). 
NOTE: coordinate (92,NaN) has been dropped because it is unbounded (in y). (see also unbounded coords=jump). 
NOTE: coordinate (93,NaN) has been dropped because it is unbounded (in y). (see also unbounded coords=jump). 
NOTE: coordinate (94,NaN) has been dropped because it is unbounded (in y). (see also unbounded coords=jump). 
NOTE: coordinate (95,NaN) has been dropped because it is unbounded (in y). (see also unbounded coords=jump). 
NOTE: coordinate (96,NaN) has been dropped because it is unbounded (in y). (see also unbounded coords=jump). 
NOTE: coordinate (97,NaN) has been dropped because it is unbounded (in y). (see also unbounded coords=jump). 
NOTE: coordinate (98,NaN) has been dropped because it is unbounded (in y). (see also unbounded coords=jump). 
NOTE: coordinate (99,NaN) has been dropped because it is unbounded (in y). (see also unbounded coords=jump). 
PGFPlots: reading {./model/Balanced/NoIterations}
PGFPlots: reading {./model/Balanced/Iterative}
PGFPlots: reading {./model/Simulation/SIMULATION_Low_Latency.out}
PGFPlots: reading {./model/MinLatency/MM1}
PGFPlots: reading {./model/MinLatency/NoIterations}
PGFPlots: reading {./model/MinLatency/Iterative}
PGFPlots: reading {./model/Simulation/SIMULATION_Low_PacketLoss.out}
PGFPlots: reading {./model/MinPacketLoss/MM1}
PGFPlots: reading {./model/MinPacketLoss/NoIterations}
PGFPlots: reading {./model/MinPacketLoss/Iterative}
PGFPlots: reading {./model/Simulation/SIMULATION_Low_Energy.out}
PGFPlots: reading {./model/MinEnergy/MM1}
PGFPlots: reading {./model/MinEnergy/NoIterations}
PGFPlots: reading {./model/MinEnergy/Iterative}
PGFPlots: reading {./model/Simulation/SIMULATION_Balanced.out}
PGFPlots: reading {./model/Balanced/MM1}
PGFPlots: reading {./model/Balanced/NoIterations}
PGFPlots: reading {./model/Balanced/Iterative}
PGFPlots: reading {./model/Simulation/SIMULATION_Low_Latency.out}
PGFPlots: reading {./model/MinLatency/MM1}
PGFPlots: reading {./model/MinLatency/NoIterations}
PGFPlots: reading {./model/MinLatency/Iterative}
PGFPlots: reading {./model/Simulation/SIMULATION_Low_PacketLoss.out}
PGFPlots: reading {./model/MinPacketLoss/MM1}
PGFPlots: reading {./model/MinPacketLoss/NoIterations}
PGFPlots: reading {./model/MinPacketLoss/Iterative}
PGFPlots: reading {./model/Simulation/SIMULATION_Low_Energy.out}
PGFPlots: reading {./model/MinEnergy/MM1}
PGFPlots: reading {./model/MinEnergy/NoIterations}
PGFPlots: reading {./model/MinEnergy/Iterative}
PGFPlots: reading {./model/Simulation/SIMULATION_Balanced.out}
PGFPlots: reading {./model/Balanced/MM1}
PGFPlots: reading {./model/Balanced/NoIterations}
PGFPlots: reading {./model/Balanced/Iterative}
LaTeX Font Info:    External font `cmex10' loaded for size
(Font)              <12> on input line 134.
LaTeX Font Info:    External font `cmex10' loaded for size
(Font)              <8> on input line 134.
LaTeX Font Info:    External font `cmex10' loaded for size
(Font)              <6> on input line 134.
[1

{C:/Users/jb931/AppData/Local/MiKTeX/2.9/pdftex/config/pdftex.map}] (model_sim.aux) ) 
Here is how much of TeX's memory you used:
 23515 strings out of 478836
 635967 string characters out of 4605359
 3262054 words of memory out of 11000000
 41071 multiletter control sequences out of 15000+600000
 407079 words of font info for 39 fonts, out of 2000000 for 9000
 1141 hyphenation exceptions out of 8191
 99i,18n,103p,6875b,2296s stack positions out of 5000i,500n,10000p,200000b,80000s
<C:/Program Files/MiKTeX 2.9/fonts/type1/public/amsfonts/cm/cmmi12.pfb><C:/Program Files/MiKTeX 2.9/fonts/type1/public/amsfonts/cm/cmmi8.pfb><C:/Program Files/MiKTeX 2.9/fonts/type1/public/amsfonts/cm/cmr10.pfb><C:/Program Files/MiKTeX 2.9/fonts/type1/public/amsfonts/cm/cmr12.pfb><C:/Program Files/MiKTeX 2.9/fonts/type1/public/amsfonts/cm/cmsy10.pfb>
Output written on model_sim.pdf (1 page, 97259 bytes).
PDF statistics:
 34 PDF objects out of 1000 (max. 8388607)
 0 named destinations out of 1000 (max. 500000)
 13 words of extra memory for PDF output out of 10000 (max. 10000000)

